# JRE version: OpenJDK Runtime Environment Temurin-17.0.5+8 (17.0.5+8) (build 17.0.5+8)
# Java VM: OpenJDK 64-Bit Server VM Temurin-17.0.5+8 (17.0.5+8, mixed mode, tiered, compressed oops, compressed class ptrs, g1 gc, windows-amd64)
GC Precious Log:
 CPUs: 4 total, 4 available
 Memory: 16262M
 Large Page Support: Disabled
 NUMA Support: Disabled
 Compressed Oops: Enabled (Zero based)
 Heap Region Size: 2M
 Heap Min Capacity: 8M
 Heap Initial Capacity: 256M
 Heap Max Capacity: 4066M
 Pre-touch: Disabled
 Parallel Workers: 4
 Concurrent Workers: 1
 Concurrent Refinement Workers: 4
 Periodic GC: Disabled
Heap:
 garbage-first heap   total 28672K, used 11414K [0x0000000701e00000, 0x0000000800000000)
  region size 2048K, 2 young (4096K), 1 survivors (2048K)
 Metaspace       used 31923K, committed 32256K, reserved 1081344K
  class space    used 3395K, committed 3584K, reserved 1048576K
GC Heap History (20 events):
Event: 0.709 GC heap before
{Heap before GC invocations=0 (full 0):
 garbage-first heap   total 262144K, used 12288K [0x0000000701e00000, 0x0000000800000000)
  region size 2048K, 6 young (12288K), 0 survivors (0K)
 Metaspace       used 16927K, committed 17152K, reserved 1064960K
  class space    used 1645K, committed 1728K, reserved 1048576K
}
Event: 0.712 GC heap after
{Heap after GC invocations=1 (full 0):
 garbage-first heap   total 262144K, used 2716K [0x0000000701e00000, 0x0000000800000000)
  region size 2048K, 1 young (2048K), 1 survivors (2048K)
 Metaspace       used 16927K, committed 17152K, reserved 1064960K
  class space    used 1645K, committed 1728K, reserved 1048576K
}
Event: 0.966 GC heap before
{Heap before GC invocations=1 (full 0):
 garbage-first heap   total 262144K, used 12956K [0x0000000701e00000, 0x0000000800000000)
  region size 2048K, 7 young (14336K), 1 survivors (2048K)
 Metaspace       used 21285K, committed 21504K, reserved 1073152K
  class space    used 2112K, committed 2240K, reserved 1048576K
}
Event: 0.970 GC heap after
{Heap after GC invocations=2 (full 0):
 garbage-first heap   total 262144K, used 5258K [0x0000000701e00000, 0x0000000800000000)
  region size 2048K, 1 young (2048K), 1 survivors (2048K)
 Metaspace       used 21285K, committed 21504K, reserved 1073152K
  class space    used 2112K, committed 2240K, reserved 1048576K
}
Event: 1.671 GC heap before
{Heap before GC invocations=3 (full 0):
 garbage-first heap   total 28672K, used 17546K [0x0000000701e00000, 0x0000000800000000)
  region size 2048K, 7 young (14336K), 1 survivors (2048K)
 Metaspace       used 26318K, committed 26560K, reserved 1073152K
  class space    used 2756K, committed 2880K, reserved 1048576K
}
Event: 1.674 GC heap after
{Heap after GC invocations=4 (full 0):
 garbage-first heap   total 28672K, used 9498K [0x0000000701e00000, 0x0000000800000000)
  region size 2048K, 1 young (2048K), 1 survivors (2048K)
 Metaspace       used 26318K, committed 26560K, reserved 1073152K
  class space    used 2756K, committed 2880K, reserved 1048576K
}
Event: 1.715 GC heap before
{Heap before GC invocations=4 (full 0):
 garbage-first heap   total 28672K, used 11546K [0x0000000701e00000, 0x0000000800000000)
  region size 2048K, 2 young (4096K), 1 survivors (2048K)
 Metaspace       used 26974K, committed 27200K, reserved 1081344K
  class space    used 2841K, committed 2944K, reserved 1048576K
}
Event: 1.719 GC heap after
{Heap after GC invocations=5 (full 0):
 garbage-first heap   total 28672K, used 9219K [0x0000000701e00000, 0x0000000800000000)
  region size 2048K, 1 young (2048K), 1 survivors (2048K)
 Metaspace       used 26974K, committed 27200K, reserved 1081344K
  class space    used 2841K, committed 2944K, reserved 1048576K
}
Event: 2.178 GC heap before
{Heap before GC invocations=5 (full 0):
 garbage-first heap   total 28672K, used 13315K [0x0000000701e00000, 0x0000000800000000)
  region size 2048K, 4 young (8192K), 1 survivors (2048K)
 Metaspace       used 30353K, committed 30656K, reserved 1081344K
  class space    used 3272K, committed 3392K, reserved 1048576K
}
Event: 2.179 GC heap after
{Heap after GC invocations=6 (full 0):
 garbage-first heap   total 28672K, used 10260K [0x0000000701e00000, 0x0000000800000000)
  region size 2048K, 1 young (2048K), 1 survivors (2048K)
 Metaspace       used 30353K, committed 30656K, reserved 1081344K
  class space    used 3272K, committed 3392K, reserved 1048576K
}
Event: 2.353 GC heap before
{Heap before GC invocations=6 (full 0):
 garbage-first heap   total 28672K, used 14356K [0x0000000701e00000, 0x0000000800000000)
  region size 2048K, 4 young (8192K), 1 survivors (2048K)
 Metaspace       used 31179K, committed 31488K, reserved 1081344K
  class space    used 3360K, committed 3520K, reserved 1048576K
}
Event: 2.355 GC heap after
{Heap after GC invocations=7 (full 0):
 garbage-first heap   total 28672K, used 11065K [0x0000000701e00000, 0x0000000800000000)
  region size 2048K, 1 young (2048K), 1 survivors (2048K)
 Metaspace       used 31179K, committed 31488K, reserved 1081344K
  class space    used 3360K, committed 3520K, reserved 1048576K
}
Event: 3.025 GC heap before
{Heap before GC invocations=7 (full 0):
 garbage-first heap   total 28672K, used 15161K [0x0000000701e00000, 0x0000000800000000)
  region size 2048K, 4 young (8192K), 1 survivors (2048K)
 Metaspace       used 31757K, committed 32064K, reserved 1081344K
  class space    used 3392K, committed 3584K, reserved 1048576K
}
Event: 3.026 GC heap after
{Heap after GC invocations=8 (full 0):
 garbage-first heap   total 28672K, used 11320K [0x0000000701e00000, 0x0000000800000000)
  region size 2048K, 1 young (2048K), 1 survivors (2048K)
 Metaspace       used 31757K, committed 32064K, reserved 1081344K
  class space    used 3392K, committed 3584K, reserved 1048576K
}
Event: 4.843 GC heap before
{Heap before GC invocations=8 (full 0):
 garbage-first heap   total 28672K, used 19512K [0x0000000701e00000, 0x0000000800000000)
  region size 2048K, 5 young (10240K), 1 survivors (2048K)
 Metaspace       used 31896K, committed 32256K, reserved 1081344K
  class space    used 3394K, committed 3584K, reserved 1048576K
}
Event: 4.843 GC heap after
{Heap after GC invocations=9 (full 0):
 garbage-first heap   total 28672K, used 11444K [0x0000000701e00000, 0x0000000800000000)
  region size 2048K, 1 young (2048K), 1 survivors (2048K)
 Metaspace       used 31896K, committed 32256K, reserved 1081344K
  class space    used 3394K, committed 3584K, reserved 1048576K
}
Event: 6.982 GC heap before
{Heap before GC invocations=9 (full 0):
 garbage-first heap   total 28672K, used 19636K [0x0000000701e00000, 0x0000000800000000)
  region size 2048K, 5 young (10240K), 1 survivors (2048K)
 Metaspace       used 31923K, committed 32256K, reserved 1081344K
  class space    used 3395K, committed 3584K, reserved 1048576K
}
Event: 6.983 GC heap after
{Heap after GC invocations=10 (full 0):
 garbage-first heap   total 28672K, used 11458K [0x0000000701e00000, 0x0000000800000000)
  region size 2048K, 1 young (2048K), 1 survivors (2048K)
 Metaspace       used 31923K, committed 32256K, reserved 1081344K
  class space    used 3395K, committed 3584K, reserved 1048576K
}
Event: 9.515 GC heap before
{Heap before GC invocations=10 (full 0):
 garbage-first heap   total 28672K, used 17602K [0x0000000701e00000, 0x0000000800000000)
  region size 2048K, 4 young (8192K), 1 survivors (2048K)
 Metaspace       used 31923K, committed 32256K, reserved 1081344K
  class space    used 3395K, committed 3584K, reserved 1048576K
}
Event: 9.516 GC heap after
{Heap after GC invocations=11 (full 0):
 garbage-first heap   total 28672K, used 11414K [0x0000000701e00000, 0x0000000800000000)
  region size 2048K, 1 young (2048K), 1 survivors (2048K)
 Metaspace       used 31923K, committed 32256K, reserved 1081344K
  class space    used 3395K, committed 3584K, reserved 1048576K
}

